<?xml version="1.0" encoding="UTF-8"?>
<!-- Generated by org.testng.reporters.JUnitReportReporter -->
<testsuite hostname="DESKTOP-57BOPUN" failures="0" tests="2" name="runners.TestRunner" time="20.657" errors="0" timestamp="2024-09-06T00:29:52 BDT" skipped="0">
  <testcase classname="runners.TestRunner" name="runScenario" time="9.908"/>
  <testcase classname="runners.TestRunner" name="runScenario" time="10.749"/>
</testsuite> <!-- runners.TestRunner -->
